2021-10-16 19:23:10.013  INFO 10924 --- [restartedMain] com.sise.blog.BlogApplication            : Starting BlogApplication using Java 1.8.0_45 on DESKTOP-9AKDDP9 with PID 10924 (D:\IdeaProject\Blog\target\classes started by 86137 in D:\IdeaProject\Blog)
2021-10-16 19:23:10.019  INFO 10924 --- [restartedMain] com.sise.blog.BlogApplication            : The following profiles are active: pro
2021-10-16 19:23:13.129  WARN 10924 --- [restartedMain] com.zaxxer.hikari.util.DriverDataSource  : Registered driver with driverClassName=com.mysql.jdbc.Driver was not found, trying direct instantiation.
2021-10-16 19:23:13.789  WARN 10924 --- [restartedMain] JpaBaseConfiguration$JpaWebConfiguration : spring.jpa.open-in-view is enabled by default. Therefore, database queries may be performed during view rendering. Explicitly configure spring.jpa.open-in-view to disable this warning
2021-10-16 19:23:14.466  WARN 10924 --- [restartedMain] ion$DefaultTemplateResolverConfiguration : Cannot find template location: classpath:/templates/ (please add some templates or check your Thymeleaf configuration)
2021-10-16 19:23:14.705  INFO 10924 --- [restartedMain] com.sise.blog.BlogApplication            : Started BlogApplication in 5.754 seconds (JVM running for 7.201)
2021-10-16 19:23:50.118  INFO 10084 --- [restartedMain] com.sise.blog.BlogApplication            : Starting BlogApplication using Java 1.8.0_45 on DESKTOP-9AKDDP9 with PID 10084 (D:\IdeaProject\Blog\target\classes started by 86137 in D:\IdeaProject\Blog)
2021-10-16 19:23:50.120  INFO 10084 --- [restartedMain] com.sise.blog.BlogApplication            : The following profiles are active: pro
2021-10-16 19:23:51.485  WARN 10084 --- [restartedMain] com.zaxxer.hikari.util.DriverDataSource  : Registered driver with driverClassName=com.mysql.jdbc.Driver was not found, trying direct instantiation.
2021-10-16 19:23:51.777  WARN 10084 --- [restartedMain] JpaBaseConfiguration$JpaWebConfiguration : spring.jpa.open-in-view is enabled by default. Therefore, database queries may be performed during view rendering. Explicitly configure spring.jpa.open-in-view to disable this warning
2021-10-16 19:23:51.957  WARN 10084 --- [restartedMain] ion$DefaultTemplateResolverConfiguration : Cannot find template location: classpath:/templates/ (please add some templates or check your Thymeleaf configuration)
2021-10-16 19:23:52.059  INFO 10084 --- [restartedMain] com.sise.blog.BlogApplication            : Started BlogApplication in 2.403 seconds (JVM running for 3.442)
2021-10-16 19:24:58.382  INFO 48776 --- [restartedMain] com.sise.blog.BlogApplication            : Starting BlogApplication using Java 1.8.0_45 on DESKTOP-9AKDDP9 with PID 48776 (D:\IdeaProject\Blog\target\classes started by 86137 in D:\IdeaProject\Blog)
2021-10-16 19:24:58.384  INFO 48776 --- [restartedMain] com.sise.blog.BlogApplication            : The following profiles are active: pro
2021-10-16 19:25:00.007  WARN 48776 --- [restartedMain] JpaBaseConfiguration$JpaWebConfiguration : spring.jpa.open-in-view is enabled by default. Therefore, database queries may be performed during view rendering. Explicitly configure spring.jpa.open-in-view to disable this warning
2021-10-16 19:25:00.183  WARN 48776 --- [restartedMain] ion$DefaultTemplateResolverConfiguration : Cannot find template location: classpath:/templates/ (please add some templates or check your Thymeleaf configuration)
2021-10-16 19:25:00.284  INFO 48776 --- [restartedMain] com.sise.blog.BlogApplication            : Started BlogApplication in 2.331 seconds (JVM running for 3.409)
2021-10-16 20:21:44.161  INFO 54212 --- [restartedMain] com.sise.blog.BlogApplication            : Starting BlogApplication using Java 1.8.0_45 on DESKTOP-9AKDDP9 with PID 54212 (D:\IdeaProject\Blog\target\classes started by 86137 in D:\IdeaProject\Blog)
2021-10-16 20:21:44.165  INFO 54212 --- [restartedMain] com.sise.blog.BlogApplication            : The following profiles are active: pro
2021-10-16 20:21:46.735  WARN 54212 --- [restartedMain] com.zaxxer.hikari.util.DriverDataSource  : Registered driver with driverClassName=com.mysql.jdbc.Driver was not found, trying direct instantiation.
2021-10-16 20:21:47.341  WARN 54212 --- [restartedMain] JpaBaseConfiguration$JpaWebConfiguration : spring.jpa.open-in-view is enabled by default. Therefore, database queries may be performed during view rendering. Explicitly configure spring.jpa.open-in-view to disable this warning
2021-10-16 20:21:47.942  INFO 54212 --- [restartedMain] com.sise.blog.BlogApplication            : Started BlogApplication in 4.42 seconds (JVM running for 6.502)
